{"/home/luan_arruda/personal/ts-container/src/errors/bad-request.error.ts": {"path":"/home/luan_arruda/personal/ts-container/src/errors/bad-request.error.ts","statementMap":{"0":{"start":{"line":2,"column":0},"end":{"line":2,"column":47}},"1":{"start":{"line":6,"column":8},"end":{"line":6,"column":39}},"2":{"start":{"line":4,"column":0},"end":{"line":4,"column":13}}},"fnMap":{"0":{"name":"(anonymous_0)","decl":{"start":{"line":5,"column":4},"end":{"line":5,"column":16}},"loc":{"start":{"line":5,"column":114},"end":{"line":7,"column":5}}}},"branchMap":{"0":{"loc":{"start":{"line":5,"column":27},"end":{"line":5,"column":39}},"type":"default-arg","locations":[{"start":{"line":5,"column":36},"end":{"line":5,"column":39}}]}},"s":{"0":1,"1":1,"2":1},"f":{"0":1},"b":{"0":[1]}}
,"/home/luan_arruda/personal/ts-container/src/errors/conflict.error.ts": {"path":"/home/luan_arruda/personal/ts-container/src/errors/conflict.error.ts","statementMap":{"0":{"start":{"line":1,"column":0},"end":{"line":1,"column":47}},"1":{"start":{"line":5,"column":8},"end":{"line":5,"column":31}},"2":{"start":{"line":3,"column":0},"end":{"line":3,"column":13}}},"fnMap":{"0":{"name":"(anonymous_0)","decl":{"start":{"line":4,"column":4},"end":{"line":4,"column":16}},"loc":{"start":{"line":4,"column":78},"end":{"line":6,"column":5}}}},"branchMap":{"0":{"loc":{"start":{"line":4,"column":27},"end":{"line":4,"column":39}},"type":"default-arg","locations":[{"start":{"line":4,"column":36},"end":{"line":4,"column":39}}]}},"s":{"0":1,"1":1,"2":1},"f":{"0":1},"b":{"0":[1]}}
,"/home/luan_arruda/personal/ts-container/src/errors/error-base.error.ts": {"path":"/home/luan_arruda/personal/ts-container/src/errors/error-base.error.ts","statementMap":{"0":{"start":{"line":11,"column":8},"end":{"line":11,"column":23}},"1":{"start":{"line":12,"column":8},"end":{"line":12,"column":31}},"2":{"start":{"line":13,"column":8},"end":{"line":13,"column":29}},"3":{"start":{"line":14,"column":8},"end":{"line":14,"column":29}},"4":{"start":{"line":19,"column":8},"end":{"line":25,"column":11}},"5":{"start":{"line":4,"column":0},"end":{"line":4,"column":13}}},"fnMap":{"0":{"name":"(anonymous_0)","decl":{"start":{"line":10,"column":5},"end":{"line":10,"column":17}},"loc":{"start":{"line":10,"column":108},"end":{"line":15,"column":5}}},"1":{"name":"(anonymous_1)","decl":{"start":{"line":17,"column":4},"end":{"line":17,"column":16}},"loc":{"start":{"line":17,"column":44},"end":{"line":26,"column":5}}}},"branchMap":{"0":{"loc":{"start":{"line":10,"column":17},"end":{"line":10,"column":58}},"type":"default-arg","locations":[{"start":{"line":10,"column":35},"end":{"line":10,"column":58}}]},"1":{"loc":{"start":{"line":10,"column":60},"end":{"line":10,"column":80}},"type":"default-arg","locations":[{"start":{"line":10,"column":77},"end":{"line":10,"column":80}}]},"2":{"loc":{"start":{"line":24,"column":27},"end":{"line":24,"column":46}},"type":"binary-expr","locations":[{"start":{"line":24,"column":27},"end":{"line":24,"column":38}},{"start":{"line":24,"column":42},"end":{"line":24,"column":46}}]}},"s":{"0":5,"1":5,"2":5,"3":5,"4":0,"5":1},"f":{"0":5,"1":0},"b":{"0":[0],"1":[0],"2":[0,0]}}
,"/home/luan_arruda/personal/ts-container/src/errors/not-found.error.ts": {"path":"/home/luan_arruda/personal/ts-container/src/errors/not-found.error.ts","statementMap":{"0":{"start":{"line":1,"column":0},"end":{"line":1,"column":47}},"1":{"start":{"line":5,"column":8},"end":{"line":5,"column":31}},"2":{"start":{"line":3,"column":0},"end":{"line":3,"column":13}}},"fnMap":{"0":{"name":"(anonymous_0)","decl":{"start":{"line":4,"column":4},"end":{"line":4,"column":16}},"loc":{"start":{"line":4,"column":78},"end":{"line":6,"column":5}}}},"branchMap":{"0":{"loc":{"start":{"line":4,"column":27},"end":{"line":4,"column":39}},"type":"default-arg","locations":[{"start":{"line":4,"column":36},"end":{"line":4,"column":39}}]}},"s":{"0":1,"1":3,"2":1},"f":{"0":3},"b":{"0":[3]}}
,"/home/luan_arruda/personal/ts-container/src/services/user.service.ts": {"path":"/home/luan_arruda/personal/ts-container/src/services/user.service.ts","statementMap":{"0":{"start":{"line":4,"column":0},"end":{"line":4,"column":57}},"1":{"start":{"line":5,"column":0},"end":{"line":5,"column":58}},"2":{"start":{"line":6,"column":0},"end":{"line":6,"column":62}},"3":{"start":{"line":11,"column":33},"end":{"line":11,"column":64}},"4":{"start":{"line":14,"column":22},"end":{"line":14,"column":56}},"5":{"start":{"line":16,"column":8},"end":{"line":18,"column":9}},"6":{"start":{"line":17,"column":12},"end":{"line":17,"column":67}},"7":{"start":{"line":20,"column":8},"end":{"line":20,"column":21}},"8":{"start":{"line":24,"column":29},"end":{"line":24,"column":78}},"9":{"start":{"line":26,"column":8},"end":{"line":28,"column":9}},"10":{"start":{"line":27,"column":12},"end":{"line":27,"column":71}},"11":{"start":{"line":30,"column":21},"end":{"line":30,"column":59}},"12":{"start":{"line":31,"column":8},"end":{"line":31,"column":20}},"13":{"start":{"line":35,"column":21},"end":{"line":35,"column":59}},"14":{"start":{"line":37,"column":8},"end":{"line":39,"column":9}},"15":{"start":{"line":38,"column":12},"end":{"line":38,"column":65}},"16":{"start":{"line":41,"column":8},"end":{"line":41,"column":20}},"17":{"start":{"line":45,"column":21},"end":{"line":45,"column":59}},"18":{"start":{"line":47,"column":8},"end":{"line":49,"column":9}},"19":{"start":{"line":48,"column":12},"end":{"line":48,"column":65}},"20":{"start":{"line":51,"column":8},"end":{"line":53,"column":9}},"21":{"start":{"line":52,"column":12},"end":{"line":52,"column":80}},"22":{"start":{"line":55,"column":44},"end":{"line":58,"column":10}},"23":{"start":{"line":60,"column":28},"end":{"line":60,"column":78}},"24":{"start":{"line":62,"column":8},"end":{"line":64,"column":9}},"25":{"start":{"line":63,"column":12},"end":{"line":63,"column":76}},"26":{"start":{"line":66,"column":8},"end":{"line":66,"column":27}},"27":{"start":{"line":70,"column":21},"end":{"line":70,"column":59}},"28":{"start":{"line":72,"column":8},"end":{"line":74,"column":9}},"29":{"start":{"line":73,"column":12},"end":{"line":73,"column":65}},"30":{"start":{"line":76,"column":8},"end":{"line":76,"column":45}},"31":{"start":{"line":9,"column":0},"end":{"line":9,"column":13}}},"fnMap":{"0":{"name":"(anonymous_0)","decl":{"start":{"line":11,"column":4},"end":{"line":11,"column":33}},"loc":{"start":{"line":11,"column":64},"end":{"line":11,"column":68}}},"1":{"name":"(anonymous_1)","decl":{"start":{"line":13,"column":4},"end":{"line":13,"column":9}},"loc":{"start":{"line":13,"column":16},"end":{"line":21,"column":5}}},"2":{"name":"(anonymous_2)","decl":{"start":{"line":23,"column":4},"end":{"line":23,"column":9}},"loc":{"start":{"line":23,"column":36},"end":{"line":32,"column":5}}},"3":{"name":"(anonymous_3)","decl":{"start":{"line":34,"column":4},"end":{"line":34,"column":9}},"loc":{"start":{"line":34,"column":29},"end":{"line":42,"column":5}}},"4":{"name":"(anonymous_4)","decl":{"start":{"line":44,"column":4},"end":{"line":44,"column":9}},"loc":{"start":{"line":44,"column":48},"end":{"line":67,"column":5}}},"5":{"name":"(anonymous_5)","decl":{"start":{"line":69,"column":4},"end":{"line":69,"column":9}},"loc":{"start":{"line":69,"column":27},"end":{"line":77,"column":5}}}},"branchMap":{"0":{"loc":{"start":{"line":16,"column":8},"end":{"line":18,"column":9}},"type":"if","locations":[{"start":{"line":16,"column":8},"end":{"line":18,"column":9}},{"start":{},"end":{}}]},"1":{"loc":{"start":{"line":16,"column":12},"end":{"line":16,"column":40}},"type":"binary-expr","locations":[{"start":{"line":16,"column":12},"end":{"line":16,"column":18}},{"start":{"line":16,"column":22},"end":{"line":16,"column":40}}]},"2":{"loc":{"start":{"line":26,"column":8},"end":{"line":28,"column":9}},"type":"if","locations":[{"start":{"line":26,"column":8},"end":{"line":28,"column":9}},{"start":{},"end":{}}]},"3":{"loc":{"start":{"line":37,"column":8},"end":{"line":39,"column":9}},"type":"if","locations":[{"start":{"line":37,"column":8},"end":{"line":39,"column":9}},{"start":{},"end":{}}]},"4":{"loc":{"start":{"line":37,"column":12},"end":{"line":37,"column":29}},"type":"binary-expr","locations":[{"start":{"line":37,"column":12},"end":{"line":37,"column":17}},{"start":{"line":37,"column":21},"end":{"line":37,"column":29}}]},"5":{"loc":{"start":{"line":47,"column":8},"end":{"line":49,"column":9}},"type":"if","locations":[{"start":{"line":47,"column":8},"end":{"line":49,"column":9}},{"start":{},"end":{}}]},"6":{"loc":{"start":{"line":47,"column":12},"end":{"line":47,"column":29}},"type":"binary-expr","locations":[{"start":{"line":47,"column":12},"end":{"line":47,"column":17}},{"start":{"line":47,"column":21},"end":{"line":47,"column":29}}]},"7":{"loc":{"start":{"line":51,"column":8},"end":{"line":53,"column":9}},"type":"if","locations":[{"start":{"line":51,"column":8},"end":{"line":53,"column":9}},{"start":{},"end":{}}]},"8":{"loc":{"start":{"line":51,"column":12},"end":{"line":51,"column":37}},"type":"binary-expr","locations":[{"start":{"line":51,"column":12},"end":{"line":51,"column":22}},{"start":{"line":51,"column":26},"end":{"line":51,"column":37}}]},"9":{"loc":{"start":{"line":62,"column":8},"end":{"line":64,"column":9}},"type":"if","locations":[{"start":{"line":62,"column":8},"end":{"line":64,"column":9}},{"start":{},"end":{}}]},"10":{"loc":{"start":{"line":72,"column":8},"end":{"line":74,"column":9}},"type":"if","locations":[{"start":{"line":72,"column":8},"end":{"line":74,"column":9}},{"start":{},"end":{}}]},"11":{"loc":{"start":{"line":72,"column":12},"end":{"line":72,"column":29}},"type":"binary-expr","locations":[{"start":{"line":72,"column":12},"end":{"line":72,"column":17}},{"start":{"line":72,"column":21},"end":{"line":72,"column":29}}]}},"s":{"0":1,"1":1,"2":1,"3":10,"4":2,"5":2,"6":1,"7":1,"8":2,"9":2,"10":1,"11":1,"12":1,"13":2,"14":2,"15":1,"16":1,"17":2,"18":2,"19":0,"20":2,"21":1,"22":1,"23":1,"24":1,"25":0,"26":1,"27":2,"28":2,"29":1,"30":1,"31":1},"f":{"0":10,"1":2,"2":2,"3":2,"4":2,"5":2},"b":{"0":[1,1],"1":[2,2],"2":[1,1],"3":[1,1],"4":[2,1],"5":[0,2],"6":[2,2],"7":[1,1],"8":[2,1],"9":[0,1],"10":[1,1],"11":[2,1]}}
}
