TN:
SF:src/errors/bad-request.error.ts
FN:5,(anonymous_0)
FNF:1
FNH:1
FNDA:1,(anonymous_0)
DA:2,1
DA:4,1
DA:6,1
LF:3
LH:3
BRDA:5,0,0,1
BRF:1
BRH:1
end_of_record
TN:
SF:src/errors/conflict.error.ts
FN:4,(anonymous_0)
FNF:1
FNH:1
FNDA:1,(anonymous_0)
DA:1,1
DA:3,1
DA:5,1
LF:3
LH:3
BRDA:4,0,0,1
BRF:1
BRH:1
end_of_record
TN:
SF:src/errors/error-base.error.ts
FN:10,(anonymous_0)
FN:17,(anonymous_1)
FNF:2
FNH:1
FNDA:5,(anonymous_0)
FNDA:0,(anonymous_1)
DA:4,1
DA:11,5
DA:12,5
DA:13,5
DA:14,5
DA:19,0
LF:6
LH:5
BRDA:10,0,0,0
BRDA:10,1,0,0
BRDA:24,2,0,0
BRDA:24,2,1,0
BRF:4
BRH:0
end_of_record
TN:
SF:src/errors/not-found.error.ts
FN:4,(anonymous_0)
FNF:1
FNH:1
FNDA:3,(anonymous_0)
DA:1,1
DA:3,1
DA:5,3
LF:3
LH:3
BRDA:4,0,0,3
BRF:1
BRH:1
end_of_record
TN:
SF:src/services/user.service.ts
FN:11,(anonymous_0)
FN:13,(anonymous_1)
FN:23,(anonymous_2)
FN:34,(anonymous_3)
FN:44,(anonymous_4)
FN:69,(anonymous_5)
FNF:6
FNH:6
FNDA:10,(anonymous_0)
FNDA:2,(anonymous_1)
FNDA:2,(anonymous_2)
FNDA:2,(anonymous_3)
FNDA:2,(anonymous_4)
FNDA:2,(anonymous_5)
DA:4,1
DA:5,1
DA:6,1
DA:9,1
DA:11,10
DA:14,2
DA:16,2
DA:17,1
DA:20,1
DA:24,2
DA:26,2
DA:27,1
DA:30,1
DA:31,1
DA:35,2
DA:37,2
DA:38,1
DA:41,1
DA:45,2
DA:47,2
DA:48,0
DA:51,2
DA:52,1
DA:55,1
DA:60,1
DA:62,1
DA:63,0
DA:66,1
DA:70,2
DA:72,2
DA:73,1
DA:76,1
LF:32
LH:30
BRDA:16,0,0,1
BRDA:16,0,1,1
BRDA:16,1,0,2
BRDA:16,1,1,2
BRDA:26,2,0,1
BRDA:26,2,1,1
BRDA:37,3,0,1
BRDA:37,3,1,1
BRDA:37,4,0,2
BRDA:37,4,1,1
BRDA:47,5,0,0
BRDA:47,5,1,2
BRDA:47,6,0,2
BRDA:47,6,1,2
BRDA:51,7,0,1
BRDA:51,7,1,1
BRDA:51,8,0,2
BRDA:51,8,1,1
BRDA:62,9,0,0
BRDA:62,9,1,1
BRDA:72,10,0,1
BRDA:72,10,1,1
BRDA:72,11,0,2
BRDA:72,11,1,1
BRF:24
BRH:22
end_of_record
